{"C:\\WorkProgects\\react-st\\src\\components\\Card\\Card.tsx": {"path":"C:\\WorkProgects\\react-st\\src\\components\\Card\\Card.tsx","statementMap":{"0":{"start":{"line":3,"column":0},"end":{"line":3,"column":41}},"1":{"start":{"line":4,"column":0},"end":{"line":4,"column":32}},"2":{"start":{"line":5,"column":0},"end":{"line":5,"column":43}},"3":{"start":{"line":7,"column":13},"end":{"line":23,"column":1}},"4":{"start":{"line":8,"column":15},"end":{"line":8,"column":25}},"5":{"start":{"line":10,"column":2},"end":{"line":22,"column":4}},"6":{"start":{"line":24,"column":0},"end":{"line":24,"column":20}}},"fnMap":{"0":{"name":"(anonymous_0)","decl":{"start":{"line":7,"column":13},"end":{"line":7,"column":14}},"loc":{"start":{"line":7,"column":62},"end":{"line":23,"column":1}}}},"branchMap":{"0":{"loc":{"start":{"line":17,"column":13},"end":{"line":17,"column":56}},"type":"cond-expr","locations":[{"start":{"line":17,"column":25},"end":{"line":17,"column":51}},{"start":{"line":17,"column":54},"end":{"line":17,"column":56}}]}},"s":{"0":1,"1":1,"2":1,"3":1,"4":1,"5":1,"6":1},"f":{"0":1},"b":{"0":[1,0]}}
,"C:\\WorkProgects\\react-st\\src\\components\\Tags\\Tags.tsx": {"path":"C:\\WorkProgects\\react-st\\src\\components\\Tags\\Tags.tsx","statementMap":{"0":{"start":{"line":3,"column":0},"end":{"line":3,"column":41}},"1":{"start":{"line":5,"column":13},"end":{"line":22,"column":1}},"2":{"start":{"line":6,"column":2},"end":{"line":21,"column":4}},"3":{"start":{"line":10,"column":10},"end":{"line":17,"column":12}},"4":{"start":{"line":23,"column":0},"end":{"line":23,"column":20}}},"fnMap":{"0":{"name":"(anonymous_0)","decl":{"start":{"line":5,"column":13},"end":{"line":5,"column":14}},"loc":{"start":{"line":5,"column":56},"end":{"line":22,"column":1}}},"1":{"name":"(anonymous_1)","decl":{"start":{"line":9,"column":37},"end":{"line":9,"column":38}},"loc":{"start":{"line":9,"column":52},"end":{"line":18,"column":9}}}},"branchMap":{},"s":{"0":1,"1":1,"2":1,"3":0,"4":1},"f":{"0":1,"1":0},"b":{}}
}
