{"C:\\WorkProgects\\react-st\\src\\App.tsx": {"path":"C:\\WorkProgects\\react-st\\src\\App.tsx","statementMap":{"0":{"start":{"line":1,"column":0},"end":{"line":1,"column":27}},"1":{"start":{"line":2,"column":0},"end":{"line":2,"column":60}},"2":{"start":{"line":3,"column":0},"end":{"line":3,"column":54}},"3":{"start":{"line":4,"column":0},"end":{"line":4,"column":null}},"4":{"start":{"line":11,"column":0},"end":{"line":11,"column":35}},"5":{"start":{"line":13,"column":31},"end":{"line":17,"column":1}},"6":{"start":{"line":14,"column":19},"end":{"line":14,"column":32}},"7":{"start":{"line":16,"column":2},"end":{"line":16,"column":71}},"8":{"start":{"line":13,"column":13},"end":{"line":13,"column":31}},"9":{"start":{"line":20,"column":17},"end":{"line":25,"column":null}},"10":{"start":{"line":28,"column":2},"end":{"line":33,"column":4}},"11":{"start":{"line":36,"column":0},"end":{"line":36,"column":19}}},"fnMap":{"0":{"name":"(anonymous_7)","decl":{"start":{"line":13,"column":31},"end":{"line":13,"column":34}},"loc":{"start":{"line":13,"column":36},"end":{"line":17,"column":1}}},"1":{"name":"App","decl":{"start":{"line":19,"column":9},"end":{"line":19,"column":12}},"loc":{"start":{"line":19,"column":12},"end":{"line":34,"column":1}}}},"branchMap":{},"s":{"0":1,"1":1,"2":1,"3":1,"4":1,"5":1,"6":5,"7":0,"8":1,"9":0,"10":0,"11":1},"f":{"0":5,"1":0},"b":{}}
,"C:\\WorkProgects\\react-st\\src\\components\\Button\\Button.tsx": {"path":"C:\\WorkProgects\\react-st\\src\\components\\Button\\Button.tsx","statementMap":{"0":{"start":{"line":1,"column":0},"end":{"line":1,"column":43}},"1":{"start":{"line":3,"column":15},"end":{"line":9,"column":1}},"2":{"start":{"line":4,"column":2},"end":{"line":8,"column":4}},"3":{"start":{"line":11,"column":0},"end":{"line":11,"column":22}}},"fnMap":{"0":{"name":"(anonymous_1)","decl":{"start":{"line":3,"column":15},"end":{"line":3,"column":16}},"loc":{"start":{"line":3,"column":54},"end":{"line":9,"column":1}}},"1":{"name":"(anonymous_2)","decl":{"start":{"line":3,"column":40},"end":{"line":3,"column":43}},"loc":{"start":{"line":3,"column":45},"end":{"line":3,"column":48}}}},"branchMap":{"0":{"loc":{"start":{"line":3,"column":18},"end":{"line":3,"column":27}},"type":"default-arg","locations":[{"start":{"line":3,"column":25},"end":{"line":3,"column":27}}]},"1":{"loc":{"start":{"line":3,"column":29},"end":{"line":3,"column":48}},"type":"default-arg","locations":[{"start":{"line":3,"column":40},"end":{"line":3,"column":48}}]}},"s":{"0":1,"1":1,"2":0,"3":1},"f":{"0":0,"1":0},"b":{"0":[0],"1":[0]}}
,"C:\\WorkProgects\\react-st\\src\\components\\Card\\Card.tsx": {"path":"C:\\WorkProgects\\react-st\\src\\components\\Card\\Card.tsx","statementMap":{"0":{"start":{"line":3,"column":0},"end":{"line":3,"column":41}},"1":{"start":{"line":4,"column":0},"end":{"line":4,"column":32}},"2":{"start":{"line":7,"column":13},"end":{"line":23,"column":1}},"3":{"start":{"line":8,"column":15},"end":{"line":8,"column":25}},"4":{"start":{"line":10,"column":2},"end":{"line":22,"column":4}},"5":{"start":{"line":24,"column":0},"end":{"line":24,"column":20}}},"fnMap":{"0":{"name":"(anonymous_1)","decl":{"start":{"line":7,"column":13},"end":{"line":7,"column":14}},"loc":{"start":{"line":7,"column":62},"end":{"line":23,"column":1}}}},"branchMap":{"0":{"loc":{"start":{"line":17,"column":11},"end":{"line":17,"column":54}},"type":"cond-expr","locations":[{"start":{"line":17,"column":23},"end":{"line":17,"column":49}},{"start":{"line":17,"column":52},"end":{"line":17,"column":54}}]}},"s":{"0":1,"1":1,"2":1,"3":0,"4":0,"5":1},"f":{"0":0},"b":{"0":[0,0]}}
,"C:\\WorkProgects\\react-st\\src\\components\\CardList\\CardList.tsx": {"path":"C:\\WorkProgects\\react-st\\src\\components\\CardList\\CardList.tsx","statementMap":{"0":{"start":{"line":3,"column":0},"end":{"line":3,"column":45}},"1":{"start":{"line":4,"column":0},"end":{"line":4,"column":71}},"2":{"start":{"line":5,"column":0},"end":{"line":5,"column":26}},"3":{"start":{"line":6,"column":0},"end":{"line":6,"column":45}},"4":{"start":{"line":7,"column":0},"end":{"line":7,"column":32}},"5":{"start":{"line":8,"column":0},"end":{"line":8,"column":44}},"6":{"start":{"line":9,"column":0},"end":{"line":9,"column":43}},"7":{"start":{"line":11,"column":17},"end":{"line":31,"column":1}},"8":{"start":{"line":12,"column":20},"end":{"line":12,"column":45}},"9":{"start":{"line":14,"column":2},"end":{"line":30,"column":4}},"10":{"start":{"line":19,"column":10},"end":{"line":23,"column":12}},"11":{"start":{"line":32,"column":0},"end":{"line":32,"column":24}}},"fnMap":{"0":{"name":"(anonymous_1)","decl":{"start":{"line":11,"column":17},"end":{"line":11,"column":34}},"loc":{"start":{"line":11,"column":36},"end":{"line":31,"column":1}}},"1":{"name":"(anonymous_2)","decl":{"start":{"line":18,"column":18},"end":{"line":18,"column":19}},"loc":{"start":{"line":18,"column":42},"end":{"line":24,"column":9}}}},"branchMap":{"0":{"loc":{"start":{"line":16,"column":7},"end":{"line":26,"column":null}},"type":"cond-expr","locations":[{"start":{"line":18,"column":8},"end":{"line":24,"column":10}},{"start":{"line":26,"column":8},"end":{"line":26,"column":77}}]}},"s":{"0":1,"1":1,"2":1,"3":1,"4":1,"5":1,"6":1,"7":1,"8":3,"9":2,"10":2,"11":1},"f":{"0":3,"1":2},"b":{"0":[2,0]}}
,"C:\\WorkProgects\\react-st\\src\\components\\Detail\\Detail.tsx": {"path":"C:\\WorkProgects\\react-st\\src\\components\\Detail\\Detail.tsx","statementMap":{"0":{"start":{"line":2,"column":0},"end":{"line":2,"column":43}},"1":{"start":{"line":3,"column":0},"end":{"line":3,"column":78}},"2":{"start":{"line":4,"column":0},"end":{"line":4,"column":48}},"3":{"start":{"line":5,"column":0},"end":{"line":5,"column":38}},"4":{"start":{"line":7,"column":16},"end":{"line":7,"column":21}},"5":{"start":{"line":9,"column":22},"end":{"line":16,"column":1}},"6":{"start":{"line":12,"column":2},"end":{"line":12,"column":19}},"7":{"start":{"line":13,"column":36},"end":{"line":13,"column":70}},"8":{"start":{"line":14,"column":2},"end":{"line":14,"column":30}},"9":{"start":{"line":14,"column":12},"end":{"line":14,"column":30}},"10":{"start":{"line":15,"column":2},"end":{"line":15,"column":14}},"11":{"start":{"line":9,"column":13},"end":{"line":9,"column":22}},"12":{"start":{"line":18,"column":15},"end":{"line":60,"column":1}},"13":{"start":{"line":19,"column":16},"end":{"line":19,"column":61}},"14":{"start":{"line":21,"column":2},"end":{"line":59,"column":4}},"15":{"start":{"line":62,"column":0},"end":{"line":62,"column":22}}},"fnMap":{"0":{"name":"(anonymous_1)","decl":{"start":{"line":9,"column":22},"end":{"line":9,"column":27}},"loc":{"start":{"line":11,"column":62},"end":{"line":16,"column":1}}},"1":{"name":"(anonymous_2)","decl":{"start":{"line":18,"column":15},"end":{"line":18,"column":18}},"loc":{"start":{"line":18,"column":20},"end":{"line":60,"column":1}}}},"branchMap":{"0":{"loc":{"start":{"line":14,"column":2},"end":{"line":14,"column":30}},"type":"if","locations":[{"start":{"line":14,"column":2},"end":{"line":14,"column":30}}]},"1":{"loc":{"start":{"line":19,"column":16},"end":{"line":19,"column":61}},"type":"binary-expr","locations":[{"start":{"line":19,"column":16},"end":{"line":19,"column":55}},{"start":{"line":19,"column":59},"end":{"line":19,"column":61}}]},"2":{"loc":{"start":{"line":24,"column":9},"end":{"line":24,"column":32}},"type":"binary-expr","locations":[{"start":{"line":24,"column":9},"end":{"line":24,"column":18}},{"start":{"line":24,"column":22},"end":{"line":24,"column":32}}]},"3":{"loc":{"start":{"line":36,"column":11},"end":{"line":39,"column":null}},"type":"binary-expr","locations":[{"start":{"line":36,"column":11},"end":{"line":36,"column":22}},{"start":{"line":37,"column":12},"end":{"line":38,"column":null}}]},"4":{"loc":{"start":{"line":41,"column":11},"end":{"line":44,"column":null}},"type":"binary-expr","locations":[{"start":{"line":41,"column":11},"end":{"line":41,"column":21}},{"start":{"line":42,"column":12},"end":{"line":43,"column":null}}]},"5":{"loc":{"start":{"line":46,"column":11},"end":{"line":49,"column":null}},"type":"binary-expr","locations":[{"start":{"line":46,"column":11},"end":{"line":46,"column":23}},{"start":{"line":47,"column":12},"end":{"line":48,"column":null}}]},"6":{"loc":{"start":{"line":51,"column":11},"end":{"line":54,"column":null}},"type":"binary-expr","locations":[{"start":{"line":51,"column":11},"end":{"line":51,"column":23}},{"start":{"line":52,"column":12},"end":{"line":53,"column":null}}]}},"s":{"0":1,"1":1,"2":1,"3":1,"4":1,"5":1,"6":0,"7":0,"8":0,"9":0,"10":0,"11":1,"12":1,"13":0,"14":0,"15":1},"f":{"0":0,"1":0},"b":{"0":[0],"1":[0,0],"2":[0,0],"3":[0,0],"4":[0,0],"5":[0,0],"6":[0,0]}}
,"C:\\WorkProgects\\react-st\\src\\components\\Loader\\Loader.tsx": {"path":"C:\\WorkProgects\\react-st\\src\\components\\Loader\\Loader.tsx","statementMap":{"0":{"start":{"line":1,"column":0},"end":{"line":1,"column":43}},"1":{"start":{"line":3,"column":15},"end":{"line":42,"column":1}},"2":{"start":{"line":4,"column":2},"end":{"line":41,"column":4}},"3":{"start":{"line":44,"column":0},"end":{"line":44,"column":22}}},"fnMap":{"0":{"name":"(anonymous_1)","decl":{"start":{"line":3,"column":15},"end":{"line":3,"column":18}},"loc":{"start":{"line":3,"column":20},"end":{"line":42,"column":1}}}},"branchMap":{},"s":{"0":1,"1":1,"2":0,"3":1},"f":{"0":0},"b":{}}
,"C:\\WorkProgects\\react-st\\src\\components\\PageMain\\PageMain.tsx": {"path":"C:\\WorkProgects\\react-st\\src\\components\\PageMain\\PageMain.tsx","statementMap":{"0":{"start":{"line":1,"column":0},"end":{"line":1,"column":53}},"1":{"start":{"line":2,"column":0},"end":{"line":2,"column":26}},"2":{"start":{"line":3,"column":0},"end":{"line":3,"column":38}},"3":{"start":{"line":4,"column":0},"end":{"line":4,"column":44}},"4":{"start":{"line":5,"column":0},"end":{"line":5,"column":45}},"5":{"start":{"line":6,"column":0},"end":{"line":6,"column":42}},"6":{"start":{"line":8,"column":0},"end":{"line":8,"column":null}},"7":{"start":{"line":13,"column":17},"end":{"line":32,"column":1}},"8":{"start":{"line":14,"column":24},"end":{"line":14,"column":49}},"9":{"start":{"line":16,"column":2},"end":{"line":31,"column":4}},"10":{"start":{"line":34,"column":0},"end":{"line":34,"column":24}}},"fnMap":{"0":{"name":"(anonymous_1)","decl":{"start":{"line":13,"column":17},"end":{"line":13,"column":20}},"loc":{"start":{"line":13,"column":22},"end":{"line":32,"column":1}}}},"branchMap":{"0":{"loc":{"start":{"line":23,"column":13},"end":{"line":23,"column":50}},"type":"cond-expr","locations":[{"start":{"line":23,"column":25},"end":{"line":23,"column":35}},{"start":{"line":23,"column":38},"end":{"line":23,"column":50}}]}},"s":{"0":1,"1":1,"2":1,"3":1,"4":1,"5":1,"6":1,"7":1,"8":0,"9":0,"10":1},"f":{"0":0},"b":{"0":[0,0]}}
,"C:\\WorkProgects\\react-st\\src\\components\\SearchPanel\\SearchPanel.tsx": {"path":"C:\\WorkProgects\\react-st\\src\\components\\SearchPanel\\SearchPanel.tsx","statementMap":{"0":{"start":{"line":1,"column":0},"end":{"line":1,"column":48}},"1":{"start":{"line":2,"column":0},"end":{"line":2,"column":38}},"2":{"start":{"line":3,"column":0},"end":{"line":3,"column":26}},"3":{"start":{"line":4,"column":0},"end":{"line":4,"column":71}},"4":{"start":{"line":6,"column":20},"end":{"line":25,"column":1}},"5":{"start":{"line":8,"column":4},"end":{"line":8,"column":29}},"6":{"start":{"line":10,"column":2},"end":{"line":24,"column":4}},"7":{"start":{"line":27,"column":0},"end":{"line":27,"column":27}}},"fnMap":{"0":{"name":"(anonymous_1)","decl":{"start":{"line":6,"column":20},"end":{"line":6,"column":23}},"loc":{"start":{"line":6,"column":25},"end":{"line":25,"column":1}}}},"branchMap":{},"s":{"0":1,"1":1,"2":1,"3":1,"4":1,"5":0,"6":0,"7":1},"f":{"0":0},"b":{}}
,"C:\\WorkProgects\\react-st\\src\\components\\Tags\\Tags.tsx": {"path":"C:\\WorkProgects\\react-st\\src\\components\\Tags\\Tags.tsx","statementMap":{"0":{"start":{"line":3,"column":0},"end":{"line":3,"column":41}},"1":{"start":{"line":5,"column":13},"end":{"line":22,"column":1}},"2":{"start":{"line":6,"column":2},"end":{"line":21,"column":4}},"3":{"start":{"line":10,"column":10},"end":{"line":17,"column":12}},"4":{"start":{"line":23,"column":0},"end":{"line":23,"column":20}}},"fnMap":{"0":{"name":"(anonymous_1)","decl":{"start":{"line":5,"column":13},"end":{"line":5,"column":14}},"loc":{"start":{"line":5,"column":56},"end":{"line":22,"column":1}}},"1":{"name":"(anonymous_2)","decl":{"start":{"line":9,"column":37},"end":{"line":9,"column":38}},"loc":{"start":{"line":9,"column":52},"end":{"line":18,"column":9}}}},"branchMap":{},"s":{"0":1,"1":1,"2":0,"3":0,"4":1},"f":{"0":0,"1":0},"b":{}}
,"C:\\WorkProgects\\react-st\\src\\components\\message\\Message.tsx": {"path":"C:\\WorkProgects\\react-st\\src\\components\\message\\Message.tsx","statementMap":{"0":{"start":{"line":2,"column":0},"end":{"line":2,"column":44}},"1":{"start":{"line":4,"column":23},"end":{"line":28,"column":1}},"2":{"start":{"line":5,"column":25},"end":{"line":5,"column":30}},"3":{"start":{"line":6,"column":13},"end":{"line":6,"column":29}},"4":{"start":{"line":8,"column":2},"end":{"line":18,"column":null}},"5":{"start":{"line":10,"column":6},"end":{"line":10,"column":24}},"6":{"start":{"line":11,"column":6},"end":{"line":11,"column":12}},"7":{"start":{"line":13,"column":6},"end":{"line":13,"column":26}},"8":{"start":{"line":14,"column":6},"end":{"line":14,"column":12}},"9":{"start":{"line":16,"column":6},"end":{"line":16,"column":31}},"10":{"start":{"line":17,"column":6},"end":{"line":17,"column":12}},"11":{"start":{"line":20,"column":2},"end":{"line":27,"column":4}},"12":{"start":{"line":4,"column":13},"end":{"line":4,"column":23}}},"fnMap":{"0":{"name":"(anonymous_1)","decl":{"start":{"line":4,"column":23},"end":{"line":4,"column":24}},"loc":{"start":{"line":4,"column":43},"end":{"line":28,"column":1}}}},"branchMap":{"0":{"loc":{"start":{"line":8,"column":2},"end":{"line":18,"column":null}},"type":"switch","locations":[{"start":{"line":9,"column":4},"end":{"line":11,"column":12}},{"start":{"line":12,"column":4},"end":{"line":14,"column":12}},{"start":{"line":15,"column":4},"end":{"line":17,"column":12}}]}},"s":{"0":1,"1":1,"2":0,"3":0,"4":0,"5":0,"6":0,"7":0,"8":0,"9":0,"10":0,"11":0,"12":1},"f":{"0":0},"b":{"0":[0,0,0]}}
,"C:\\WorkProgects\\react-st\\src\\contexts\\AppContext\\AppContextProvider.tsx": {"path":"C:\\WorkProgects\\react-st\\src\\contexts\\AppContext\\AppContextProvider.tsx","statementMap":{"0":{"start":{"line":1,"column":0},"end":{"line":1,"column":51}},"1":{"start":{"line":3,"column":0},"end":{"line":3,"column":51}},"2":{"start":{"line":4,"column":0},"end":{"line":4,"column":48}},"3":{"start":{"line":6,"column":23},"end":{"line":25,"column":2}},"4":{"start":{"line":9,"column":4},"end":{"line":9,"column":19}},"5":{"start":{"line":15,"column":4},"end":{"line":15,"column":16}},"6":{"start":{"line":16,"column":4},"end":{"line":16,"column":10}},"7":{"start":{"line":23,"column":4},"end":{"line":23,"column":19}},"8":{"start":{"line":26,"column":13},"end":{"line":26,"column":59}},"9":{"start":{"line":28,"column":34},"end":{"line":36,"column":1}},"10":{"start":{"line":34,"column":18},"end":{"line":34,"column":44}},"11":{"start":{"line":35,"column":2},"end":{"line":35,"column":73}},"12":{"start":{"line":28,"column":13},"end":{"line":28,"column":34}},"13":{"start":{"line":40,"column":18},"end":{"line":40,"column":43}},"14":{"start":{"line":41,"column":2},"end":{"line":41,"column":68}},"15":{"start":{"line":41,"column":16},"end":{"line":41,"column":68}},"16":{"start":{"line":42,"column":2},"end":{"line":42,"column":17}},"17":{"start":{"line":39,"column":0},"end":{"line":39,"column":16}},"18":{"start":{"line":46,"column":35},"end":{"line":115,"column":1}},"19":{"start":{"line":47,"column":40},"end":{"line":48,"column":null}},"20":{"start":{"line":50,"column":28},"end":{"line":50,"column":42}},"21":{"start":{"line":51,"column":36},"end":{"line":51,"column":50}},"22":{"start":{"line":52,"column":42},"end":{"line":52,"column":54}},"23":{"start":{"line":53,"column":26},"end":{"line":53,"column":37}},"24":{"start":{"line":54,"column":28},"end":{"line":54,"column":40}},"25":{"start":{"line":55,"column":38},"end":{"line":55,"column":49}},"26":{"start":{"line":57,"column":28},"end":{"line":59,"column":3}},"27":{"start":{"line":58,"column":4},"end":{"line":58,"column":35}},"28":{"start":{"line":61,"column":18},"end":{"line":74,"column":3}},"29":{"start":{"line":62,"column":4},"end":{"line":73,"column":null}},"30":{"start":{"line":63,"column":26},"end":{"line":63,"column":72}},"31":{"start":{"line":64,"column":6},"end":{"line":69,"column":null}},"32":{"start":{"line":65,"column":8},"end":{"line":65,"column":50}},"33":{"start":{"line":66,"column":8},"end":{"line":66,"column":38}},"34":{"start":{"line":67,"column":8},"end":{"line":67,"column":36}},"35":{"start":{"line":68,"column":8},"end":{"line":68,"column":28}},"36":{"start":{"line":71,"column":6},"end":{"line":71,"column":26}},"37":{"start":{"line":72,"column":6},"end":{"line":72,"column":23}},"38":{"start":{"line":76,"column":2},"end":{"line":79,"column":40}},"39":{"start":{"line":77,"column":4},"end":{"line":77,"column":51}},"40":{"start":{"line":78,"column":4},"end":{"line":78,"column":14}},"41":{"start":{"line":81,"column":19},"end":{"line":83,"column":3}},"42":{"start":{"line":82,"column":4},"end":{"line":82,"column":59}},"43":{"start":{"line":85,"column":29},"end":{"line":88,"column":3}},"44":{"start":{"line":86,"column":4},"end":{"line":86,"column":15}},"45":{"start":{"line":87,"column":4},"end":{"line":87,"column":27}},"46":{"start":{"line":90,"column":26},"end":{"line":97,"column":3}},"47":{"start":{"line":91,"column":16},"end":{"line":91,"column":36}},"48":{"start":{"line":92,"column":4},"end":{"line":96,"column":null}},"49":{"start":{"line":93,"column":6},"end":{"line":93,"column":27}},"50":{"start":{"line":94,"column":6},"end":{"line":94,"column":37}},"51":{"start":{"line":95,"column":6},"end":{"line":95,"column":32}},"52":{"start":{"line":99,"column":42},"end":{"line":99,"column":72}},"53":{"start":{"line":101,"column":2},"end":{"line":114,"column":4}},"54":{"start":{"line":46,"column":13},"end":{"line":46,"column":35}}},"fnMap":{"0":{"name":"(anonymous_6)","decl":{"start":{"line":8,"column":21},"end":{"line":8,"column":22}},"loc":{"start":{"line":8,"column":64},"end":{"line":10,"column":3}}},"1":{"name":"(anonymous_7)","decl":{"start":{"line":11,"column":12},"end":{"line":11,"column":15}},"loc":{"start":{"line":11,"column":17},"end":{"line":11,"column":20}}},"2":{"name":"(anonymous_8)","decl":{"start":{"line":14,"column":22},"end":{"line":14,"column":23}},"loc":{"start":{"line":14,"column":40},"end":{"line":17,"column":3}}},"3":{"name":"(anonymous_9)","decl":{"start":{"line":22,"column":19},"end":{"line":22,"column":20}},"loc":{"start":{"line":22,"column":57},"end":{"line":24,"column":3}}},"4":{"name":"(anonymous_10)","decl":{"start":{"line":28,"column":34},"end":{"line":28,"column":35}},"loc":{"start":{"line":33,"column":5},"end":{"line":36,"column":1}}},"5":{"name":"useAppContext","decl":{"start":{"line":39,"column":16},"end":{"line":39,"column":29}},"loc":{"start":{"line":39,"column":29},"end":{"line":43,"column":1}}},"6":{"name":"(anonymous_12)","decl":{"start":{"line":46,"column":35},"end":{"line":46,"column":45}},"loc":{"start":{"line":46,"column":76},"end":{"line":115,"column":1}}},"7":{"name":"(anonymous_13)","decl":{"start":{"line":57,"column":28},"end":{"line":57,"column":29}},"loc":{"start":{"line":57,"column":71},"end":{"line":59,"column":3}}},"8":{"name":"(anonymous_14)","decl":{"start":{"line":61,"column":18},"end":{"line":61,"column":23}},"loc":{"start":{"line":61,"column":29},"end":{"line":74,"column":3}}},"9":{"name":"(anonymous_15)","decl":{"start":{"line":76,"column":12},"end":{"line":76,"column":15}},"loc":{"start":{"line":76,"column":17},"end":{"line":79,"column":3}}},"10":{"name":"(anonymous_16)","decl":{"start":{"line":81,"column":19},"end":{"line":81,"column":22}},"loc":{"start":{"line":81,"column":24},"end":{"line":83,"column":3}}},"11":{"name":"(anonymous_17)","decl":{"start":{"line":85,"column":29},"end":{"line":85,"column":30}},"loc":{"start":{"line":85,"column":47},"end":{"line":88,"column":3}}},"12":{"name":"(anonymous_18)","decl":{"start":{"line":90,"column":26},"end":{"line":90,"column":27}},"loc":{"start":{"line":90,"column":64},"end":{"line":97,"column":3}}}},"branchMap":{"0":{"loc":{"start":{"line":41,"column":2},"end":{"line":41,"column":68}},"type":"if","locations":[{"start":{"line":41,"column":2},"end":{"line":41,"column":68}}]},"1":{"loc":{"start":{"line":48,"column":4},"end":{"line":48,"column":66}},"type":"binary-expr","locations":[{"start":{"line":48,"column":4},"end":{"line":48,"column":21}},{"start":{"line":48,"column":25},"end":{"line":48,"column":60}},{"start":{"line":48,"column":64},"end":{"line":48,"column":66}}]},"2":{"loc":{"start":{"line":64,"column":6},"end":{"line":69,"column":null}},"type":"if","locations":[{"start":{"line":64,"column":6},"end":{"line":69,"column":null}}]},"3":{"loc":{"start":{"line":82,"column":40},"end":{"line":82,"column":57}},"type":"binary-expr","locations":[{"start":{"line":82,"column":40},"end":{"line":82,"column":51}},{"start":{"line":82,"column":55},"end":{"line":82,"column":57}}]},"4":{"loc":{"start":{"line":92,"column":4},"end":{"line":96,"column":null}},"type":"if","locations":[{"start":{"line":92,"column":4},"end":{"line":96,"column":null}}]}},"s":{"0":1,"1":1,"2":1,"3":1,"4":0,"5":0,"6":0,"7":0,"8":1,"9":1,"10":0,"11":0,"12":1,"13":0,"14":0,"15":0,"16":0,"17":1,"18":1,"19":0,"20":0,"21":0,"22":0,"23":0,"24":0,"25":0,"26":0,"27":0,"28":0,"29":0,"30":0,"31":0,"32":0,"33":0,"34":0,"35":0,"36":0,"37":0,"38":0,"39":0,"40":0,"41":0,"42":0,"43":0,"44":0,"45":0,"46":0,"47":0,"48":0,"49":0,"50":0,"51":0,"52":0,"53":0,"54":1},"f":{"0":0,"1":0,"2":0,"3":0,"4":0,"5":0,"6":0,"7":0,"8":0,"9":0,"10":0,"11":0,"12":0},"b":{"0":[0],"1":[0,0,0],"2":[0],"3":[0,0],"4":[0]}}
,"C:\\WorkProgects\\react-st\\src\\routes\\Error.tsx": {"path":"C:\\WorkProgects\\react-st\\src\\routes\\Error.tsx","statementMap":{"0":{"start":{"line":1,"column":0},"end":{"line":1,"column":56}},"1":{"start":{"line":3,"column":14},"end":{"line":3,"column":58}},"2":{"start":{"line":3,"column":20},"end":{"line":3,"column":58}},"3":{"start":{"line":5,"column":0},"end":{"line":5,"column":21}}},"fnMap":{"0":{"name":"(anonymous_0)","decl":{"start":{"line":3,"column":14},"end":{"line":3,"column":17}},"loc":{"start":{"line":3,"column":20},"end":{"line":3,"column":58}}}},"branchMap":{},"s":{"0":1,"1":1,"2":0,"3":1},"f":{"0":0},"b":{}}
,"C:\\WorkProgects\\react-st\\src\\utils\\FetchData.tsx": {"path":"C:\\WorkProgects\\react-st\\src\\utils\\FetchData.tsx","statementMap":{"0":{"start":{"line":3,"column":13},"end":{"line":3,"column":57}},"1":{"start":{"line":4,"column":16},"end":{"line":4,"column":43}},"2":{"start":{"line":11,"column":17},"end":{"line":11,"column":54}},"3":{"start":{"line":13,"column":18},"end":{"line":14,"column":null}},"4":{"start":{"line":17,"column":2},"end":{"line":22,"column":null}},"5":{"start":{"line":18,"column":35},"end":{"line":18,"column":55}},"6":{"start":{"line":21,"column":4},"end":{"line":21,"column":20}},"7":{"start":{"line":6,"column":0},"end":{"line":6,"column":7}},"8":{"start":{"line":26,"column":18},"end":{"line":27,"column":null}},"9":{"start":{"line":30,"column":2},"end":{"line":30,"column":60}},"10":{"start":{"line":30,"column":19},"end":{"line":30,"column":60}},"11":{"start":{"line":31,"column":40},"end":{"line":31,"column":60}},"12":{"start":{"line":32,"column":2},"end":{"line":32,"column":35}},"13":{"start":{"line":33,"column":2},"end":{"line":33,"column":18}},"14":{"start":{"line":25,"column":0},"end":{"line":25,"column":7}}},"fnMap":{"0":{"name":"getList","decl":{"start":{"line":6,"column":22},"end":{"line":6,"column":29}},"loc":{"start":{"line":9,"column":14},"end":{"line":23,"column":1}}},"1":{"name":"getItem","decl":{"start":{"line":25,"column":22},"end":{"line":25,"column":29}},"loc":{"start":{"line":25,"column":40},"end":{"line":34,"column":1}}}},"branchMap":{"0":{"loc":{"start":{"line":11,"column":17},"end":{"line":11,"column":54}},"type":"cond-expr","locations":[{"start":{"line":11,"column":28},"end":{"line":11,"column":49}},{"start":{"line":11,"column":52},"end":{"line":11,"column":54}}]},"1":{"loc":{"start":{"line":17,"column":2},"end":{"line":22,"column":null}},"type":"if","locations":[{"start":{"line":17,"column":2},"end":{"line":22,"column":null}}]},"2":{"loc":{"start":{"line":30,"column":2},"end":{"line":30,"column":60}},"type":"if","locations":[{"start":{"line":30,"column":2},"end":{"line":30,"column":60}}]}},"s":{"0":1,"1":1,"2":0,"3":0,"4":0,"5":0,"6":0,"7":1,"8":0,"9":0,"10":0,"11":0,"12":0,"13":0,"14":1},"f":{"0":0,"1":0},"b":{"0":[0,0],"1":[0],"2":[0]}}
}
