TN:
SF:src\components\CardList\CardList.tsx
FN:9,(anonymous_1)
FN:15,(anonymous_2)
FNF:2
FNH:2
FNDA:3,(anonymous_1)
FNDA:2,(anonymous_2)
DA:3,1
DA:4,1
DA:5,1
DA:6,1
DA:7,1
DA:9,1
DA:10,3
DA:12,2
DA:15,2
DA:22,1
LF:10
LH:10
BRDA:14,0,0,2
BRDA:14,0,1,0
BRF:2
BRH:1
end_of_record
TN:
SF:src\contexts\AppContext\AppContextProvider.tsx
FN:8,(anonymous_6)
FN:11,(anonymous_7)
FN:14,(anonymous_8)
FN:22,(anonymous_9)
FN:28,(anonymous_10)
FN:39,useAppContext
FN:46,(anonymous_12)
FN:57,(anonymous_13)
FN:61,(anonymous_14)
FN:75,(anonymous_15)
FN:80,(anonymous_16)
FN:84,(anonymous_17)
FN:89,(anonymous_18)
FNF:13
FNH:0
FNDA:0,(anonymous_6)
FNDA:0,(anonymous_7)
FNDA:0,(anonymous_8)
FNDA:0,(anonymous_9)
FNDA:0,(anonymous_10)
FNDA:0,useAppContext
FNDA:0,(anonymous_12)
FNDA:0,(anonymous_13)
FNDA:0,(anonymous_14)
FNDA:0,(anonymous_15)
FNDA:0,(anonymous_16)
FNDA:0,(anonymous_17)
FNDA:0,(anonymous_18)
DA:1,1
DA:3,1
DA:4,1
DA:6,1
DA:9,0
DA:15,0
DA:16,0
DA:23,0
DA:26,1
DA:28,1
DA:34,0
DA:35,0
DA:39,1
DA:40,0
DA:41,0
DA:42,0
DA:46,1
DA:47,0
DA:50,0
DA:51,0
DA:52,0
DA:53,0
DA:54,0
DA:55,0
DA:57,0
DA:58,0
DA:61,0
DA:62,0
DA:63,0
DA:64,0
DA:65,0
DA:66,0
DA:67,0
DA:70,0
DA:71,0
DA:75,0
DA:76,0
DA:77,0
DA:80,0
DA:81,0
DA:84,0
DA:85,0
DA:86,0
DA:89,0
DA:90,0
DA:91,0
DA:92,0
DA:93,0
DA:94,0
DA:98,0
DA:100,0
LF:51
LH:8
BRDA:41,0,0,0
BRDA:48,1,0,0
BRDA:48,1,1,0
BRDA:48,1,2,0
BRDA:64,2,0,0
BRDA:81,3,0,0
BRDA:81,3,1,0
BRDA:91,4,0,0
BRF:8
BRH:0
end_of_record
TN:
SF:src\utils\FetchData.tsx
FN:6,getList
FN:25,getItem
FNF:2
FNH:0
FNDA:0,getList
FNDA:0,getItem
DA:3,1
DA:4,1
DA:6,1
DA:11,0
DA:12,0
DA:13,0
DA:17,0
DA:18,0
DA:19,0
DA:20,0
DA:21,0
DA:25,1
DA:26,0
DA:30,0
DA:31,0
DA:32,0
DA:33,0
LF:17
LH:4
BRDA:11,0,0,0
BRDA:11,0,1,0
BRDA:17,1,0,0
BRDA:30,2,0,0
BRF:4
BRH:0
end_of_record
