TN:
SF:src\App.tsx
FN:13,(anonymous_7)
FN:19,App
FNF:2
FNH:1
FNDA:5,(anonymous_7)
FNDA:0,App
DA:1,1
DA:2,1
DA:3,1
DA:4,1
DA:11,1
DA:13,1
DA:14,5
DA:16,0
DA:20,0
DA:28,0
DA:36,1
LF:11
LH:8
BRF:0
BRH:0
end_of_record
TN:
SF:src\components\Button\Button.tsx
FN:3,(anonymous_1)
FN:3,(anonymous_2)
FNF:2
FNH:0
FNDA:0,(anonymous_1)
FNDA:0,(anonymous_2)
DA:1,1
DA:3,1
DA:4,0
DA:11,1
LF:4
LH:3
BRDA:3,0,0,0
BRDA:3,1,0,0
BRF:2
BRH:0
end_of_record
TN:
SF:src\components\Card\Card.tsx
FN:7,(anonymous_1)
FNF:1
FNH:0
FNDA:0,(anonymous_1)
DA:3,1
DA:4,1
DA:7,1
DA:8,0
DA:10,0
DA:24,1
LF:6
LH:4
BRDA:17,0,0,0
BRDA:17,0,1,0
BRF:2
BRH:0
end_of_record
TN:
SF:src\components\CardList\CardList.tsx
FN:11,(anonymous_1)
FN:18,(anonymous_2)
FNF:2
FNH:2
FNDA:3,(anonymous_1)
FNDA:2,(anonymous_2)
DA:3,1
DA:4,1
DA:5,1
DA:6,1
DA:7,1
DA:8,1
DA:9,1
DA:11,1
DA:12,3
DA:14,2
DA:19,2
DA:32,1
LF:12
LH:12
BRDA:16,0,0,2
BRDA:16,0,1,0
BRF:2
BRH:1
end_of_record
TN:
SF:src\components\Detail\Detail.tsx
FN:9,(anonymous_1)
FN:18,(anonymous_2)
FNF:2
FNH:0
FNDA:0,(anonymous_1)
FNDA:0,(anonymous_2)
DA:2,1
DA:3,1
DA:4,1
DA:5,1
DA:7,1
DA:9,1
DA:12,0
DA:13,0
DA:14,0
DA:15,0
DA:18,1
DA:19,0
DA:21,0
DA:62,1
LF:14
LH:8
BRDA:14,0,0,0
BRDA:19,1,0,0
BRDA:19,1,1,0
BRDA:24,2,0,0
BRDA:24,2,1,0
BRDA:36,3,0,0
BRDA:36,3,1,0
BRDA:41,4,0,0
BRDA:41,4,1,0
BRDA:46,5,0,0
BRDA:46,5,1,0
BRDA:51,6,0,0
BRDA:51,6,1,0
BRF:13
BRH:0
end_of_record
TN:
SF:src\components\Loader\Loader.tsx
FN:3,(anonymous_1)
FNF:1
FNH:0
FNDA:0,(anonymous_1)
DA:1,1
DA:3,1
DA:4,0
DA:44,1
LF:4
LH:3
BRF:0
BRH:0
end_of_record
TN:
SF:src\components\PageMain\PageMain.tsx
FN:13,(anonymous_1)
FNF:1
FNH:0
FNDA:0,(anonymous_1)
DA:1,1
DA:2,1
DA:3,1
DA:4,1
DA:5,1
DA:6,1
DA:8,1
DA:13,1
DA:14,0
DA:16,0
DA:34,1
LF:11
LH:9
BRDA:23,0,0,0
BRDA:23,0,1,0
BRF:2
BRH:0
end_of_record
TN:
SF:src\components\SearchPanel\SearchPanel.tsx
FN:6,(anonymous_1)
FNF:1
FNH:0
FNDA:0,(anonymous_1)
DA:1,1
DA:2,1
DA:3,1
DA:4,1
DA:6,1
DA:8,0
DA:10,0
DA:27,1
LF:8
LH:6
BRF:0
BRH:0
end_of_record
TN:
SF:src\components\Tags\Tags.tsx
FN:5,(anonymous_1)
FN:9,(anonymous_2)
FNF:2
FNH:0
FNDA:0,(anonymous_1)
FNDA:0,(anonymous_2)
DA:3,1
DA:5,1
DA:6,0
DA:10,0
DA:23,1
LF:5
LH:3
BRF:0
BRH:0
end_of_record
TN:
SF:src\components\message\Message.tsx
FN:4,(anonymous_1)
FNF:1
FNH:0
FNDA:0,(anonymous_1)
DA:2,1
DA:4,1
DA:5,0
DA:6,0
DA:8,0
DA:10,0
DA:11,0
DA:13,0
DA:14,0
DA:16,0
DA:17,0
DA:20,0
LF:12
LH:2
BRDA:8,0,0,0
BRDA:8,0,1,0
BRDA:8,0,2,0
BRF:3
BRH:0
end_of_record
TN:
SF:src\contexts\AppContext\AppContextProvider.tsx
FN:8,(anonymous_6)
FN:11,(anonymous_7)
FN:14,(anonymous_8)
FN:22,(anonymous_9)
FN:28,(anonymous_10)
FN:39,useAppContext
FN:46,(anonymous_12)
FN:57,(anonymous_13)
FN:61,(anonymous_14)
FN:76,(anonymous_15)
FN:81,(anonymous_16)
FN:85,(anonymous_17)
FN:90,(anonymous_18)
FNF:13
FNH:0
FNDA:0,(anonymous_6)
FNDA:0,(anonymous_7)
FNDA:0,(anonymous_8)
FNDA:0,(anonymous_9)
FNDA:0,(anonymous_10)
FNDA:0,useAppContext
FNDA:0,(anonymous_12)
FNDA:0,(anonymous_13)
FNDA:0,(anonymous_14)
FNDA:0,(anonymous_15)
FNDA:0,(anonymous_16)
FNDA:0,(anonymous_17)
FNDA:0,(anonymous_18)
DA:1,1
DA:3,1
DA:4,1
DA:6,1
DA:9,0
DA:15,0
DA:16,0
DA:23,0
DA:26,1
DA:28,1
DA:34,0
DA:35,0
DA:39,1
DA:40,0
DA:41,0
DA:42,0
DA:46,1
DA:47,0
DA:50,0
DA:51,0
DA:52,0
DA:53,0
DA:54,0
DA:55,0
DA:57,0
DA:58,0
DA:61,0
DA:62,0
DA:63,0
DA:64,0
DA:65,0
DA:66,0
DA:67,0
DA:68,0
DA:71,0
DA:72,0
DA:76,0
DA:77,0
DA:78,0
DA:81,0
DA:82,0
DA:85,0
DA:86,0
DA:87,0
DA:90,0
DA:91,0
DA:92,0
DA:93,0
DA:94,0
DA:95,0
DA:99,0
DA:101,0
LF:52
LH:8
BRDA:41,0,0,0
BRDA:48,1,0,0
BRDA:48,1,1,0
BRDA:48,1,2,0
BRDA:64,2,0,0
BRDA:82,3,0,0
BRDA:82,3,1,0
BRDA:92,4,0,0
BRF:8
BRH:0
end_of_record
TN:
SF:src\routes\Error.tsx
FN:3,(anonymous_0)
FNF:1
FNH:0
FNDA:0,(anonymous_0)
DA:1,1
DA:3,1
DA:5,1
LF:3
LH:3
BRF:0
BRH:0
end_of_record
TN:
SF:src\utils\FetchData.tsx
FN:6,getList
FN:25,getItem
FNF:2
FNH:0
FNDA:0,getList
FNDA:0,getItem
DA:3,1
DA:4,1
DA:6,1
DA:11,0
DA:13,0
DA:17,0
DA:18,0
DA:21,0
DA:25,1
DA:26,0
DA:30,0
DA:31,0
DA:32,0
DA:33,0
LF:14
LH:4
BRDA:11,0,0,0
BRDA:11,0,1,0
BRDA:17,1,0,0
BRDA:30,2,0,0
BRF:4
BRH:0
end_of_record
